<?xml version="1.0" encoding="UTF-8"?>
<!-- Generated by org.testng.reporters.JUnitXMLReporter -->
<testsuite hostname="LAPTOP-N2Q58K9G" ignored="0" name="Default test" tests="4" failures="0" timestamp="31 Aug 2021 07:58:15 GMT" time="18.425" errors="0">
  <testcase name="test1" time="0.166" classname="org.excel.Excel7"/>
  <testcase name="test2" time="0.063" classname="org.excel.Excel7"/>
  <testcase name="test3" time="5.289" classname="org.excel.Excel7"/>
  <testcase name="test4" time="5.393" classname="org.excel.Excel7"/>
</testsuite> <!-- Default test -->
